[0mGET /api/entities?expanded=true [31m500[0m 28440.084 ms - 68[0m
[0mGET /api/entities?expanded=true [32m200[0m 716.861 ms - -[0m
[0mPOST /api/digitalIdentities [32m200[0m 408265.057 ms - 2[0m
[0mPOST /api/entities [32m200[0m 413690.249 ms - 33[0m
[0mPOST /api/entities [32m200[0m 1298.974 ms - 33[0m
[0mPOST /api/entities [32m200[0m 824.175 ms - 33[0m
[0mPOST /api/entities [32m200[0m 1700.861 ms - 33[0m
[0mPOST /api/digitalIdentities [32m200[0m 1266.046 ms - 2[0m
[0mPUT /api/entities/617e70bc24e45556d392896d/digitalIdentity/t1234@rabiran.com [32m200[0m 622.741 ms - 2[0m
[0mGET /api/entities/617e70bc24e45556d392896d [32m200[0m 184430.611 ms - 328[0m
[0mPOST /api/digitalIdentities [32m200[0m 29.206 ms - 2[0m
[0mPOST /api/entities [32m200[0m 25.821 ms - 33[0m
[0mPOST /api/entities [32m200[0m 14.026 ms - 33[0m
[0mPOST /api/entities [32m200[0m 9.291 ms - 33[0m
[0mPOST /api/entities [32m200[0m 12.979 ms - 33[0m
[0mPOST /api/digitalIdentities [32m200[0m 17.942 ms - 2[0m
[0mPUT /api/entities/617e719724e45556d3928992/digitalIdentity/t1234@rabiran.com [32m200[0m 22.280 ms - 2[0m
[0mGET /api/entities/617e719724e45556d3928992 [32m200[0m 5.128 ms - 328[0m
[0mPOST /api/digitalIdentities [32m200[0m 26.061 ms - 2[0m
[0mPOST /api/entities [32m200[0m 32.442 ms - 33[0m
[0mPOST /api/entities [32m200[0m 14.389 ms - 33[0m
[0mPOST /api/entities [32m200[0m 16.874 ms - 33[0m
[0mPOST /api/entities [32m200[0m 9.476 ms - 33[0m
[0mPOST /api/digitalIdentities [32m200[0m 14.542 ms - 2[0m
[0mPUT /api/entities/617e71d124e45556d39289b7/digitalIdentity/t1234@rabiran.com [32m200[0m 22.119 ms - 2[0m
[0mGET /api/entities/617e71d124e45556d39289b7 [32m200[0m 6.279 ms - 328[0m
[0mPOST /api/digitalIdentities [33m400[0m 18.187 ms - 76[0m
[0mPOST /api/entities [33m400[0m 19.961 ms - 85[0m
[0mPOST /api/entities [33m400[0m 6.749 ms - 85[0m
[0mPOST /api/entities [33m400[0m 8.359 ms - 92[0m
[0mPOST /api/entities [33m400[0m 4.276 ms - 85[0m
[0mGET /api/entities/undefined?expanded=true [33m400[0m 25.246 ms - 38[0m
[0mPOST /api/digitalIdentities [32m200[0m 35.926 ms - 2[0m
[0mPOST /api/entities [32m200[0m 24.212 ms - 33[0m
[0mPOST /api/entities [32m200[0m 10.012 ms - 33[0m
[0mPOST /api/entities [32m200[0m 11.061 ms - 33[0m
[0mPOST /api/entities [32m200[0m 11.452 ms - 33[0m
[0mPOST /api/digitalIdentities [32m200[0m 14.208 ms - 2[0m
[0mPUT /api/entities/617e726824e45556d39289e1/digitalIdentity/t1234@rabiran.com [32m200[0m 22.864 ms - 2[0m
[0mGET /api/entities/617e726824e45556d39289e1?expanded=true [31m500[0m 111953.092 ms - 66[0m
[0mPOST /api/digitalIdentities [32m200[0m 29.621 ms - 2[0m
[0mPOST /api/entities [32m200[0m 38.769 ms - 33[0m
[0mPOST /api/entities [32m200[0m 13.005 ms - 33[0m
[0mPOST /api/entities [32m200[0m 10.248 ms - 33[0m
[0mPOST /api/entities [32m200[0m 12.852 ms - 33[0m
[0mPOST /api/digitalIdentities [32m200[0m 12.667 ms - 2[0m
[0mPUT /api/entities/617e72fb24e45556d3928a06/digitalIdentity/t1234@rabiran.com [32m200[0m 29.031 ms - 2[0m
[0mPOST /api/digitalIdentities [32m200[0m 63.475 ms - 2[0m
[0mPOST /api/entities [32m200[0m 49.594 ms - 33[0m
[0mPOST /api/entities [32m200[0m 21.735 ms - 33[0m
[0mPOST /api/entities [32m200[0m 27.211 ms - 33[0m
[0mPOST /api/entities [32m200[0m 16.235 ms - 33[0m
[0mPOST /api/digitalIdentities [32m200[0m 18.549 ms - 2[0m
[0mPUT /api/entities/617e75a12839b0d21da29cb6/digitalIdentity/t1234@rabiran.com [32m200[0m 39.320 ms - 2[0m
[0mGET /api/entities/617e75a12839b0d21da29cb6?expanded=true [31m500[0m 187900.583 ms - 66[0m
[0mPOST /api/digitalIdentities [32m200[0m 31.695 ms - 2[0m
[0mPOST /api/entities [32m200[0m 28.022 ms - 33[0m
[0mPOST /api/entities [32m200[0m 19.520 ms - 33[0m
[0mPOST /api/entities [32m200[0m 11.884 ms - 33[0m
[0mPOST /api/entities [32m200[0m 11.447 ms - 33[0m
[0mPOST /api/digitalIdentities [32m200[0m 12.391 ms - 2[0m
[0mPUT /api/entities/617e777e2839b0d21da29cdb/digitalIdentity/t1234@rabiran.com [32m200[0m 48.069 ms - 2[0m
[0mGET /api/entities/617e777e2839b0d21da29cdb?expanded=true [31m500[0m 169051.605 ms - 66[0m
[0mPOST /api/entities [33m400[0m 18819.985 ms - 85[0m
[0mPOST /api/digitalIdentities [33m400[0m 36485.667 ms - 76[0m
[0mPOST /api/entities [33m400[0m 13837.867 ms - 85[0m
[0mPOST /api/entities [33m400[0m 8824.491 ms - 92[0m
[0mPOST /api/entities [33m400[0m 3812.199 ms - 85[0m
[0mGET /api/entities/undefined?expanded=true [33m400[0m 56.463 ms - 38[0m
[0mGET /api/entities/undefined?expanded=true [33m400[0m 32.020 ms - 38[0m
[0mGET /api/entities/undefined?expanded=true [33m400[0m 19.409 ms - 38[0m
[0mPOST /api/entities [33m400[0m 3082.110 ms - 85[0m
[0mPOST /api/digitalIdentities [33m400[0m 3404.895 ms - 76[0m
[0mPOST /api/entities [33m400[0m 7.075 ms - 85[0m
[0mPOST /api/entities [33m400[0m 8.740 ms - 92[0m
[0mPOST /api/entities [33m400[0m 6.390 ms - 85[0m
[0mGET /api/entities/undefined?expanded=true [33m400[0m 8.370 ms - 38[0m
[0mPOST /api/entities [32m200[0m 39.468 ms - 33[0m
[0mPOST /api/digitalIdentities [32m200[0m 44.135 ms - 2[0m
[0mPOST /api/entities [32m200[0m 13.174 ms - 33[0m
[0mPOST /api/entities [32m200[0m 14.751 ms - 33[0m
[0mPOST /api/entities [32m200[0m 25.001 ms - 33[0m
[0mPOST /api/digitalIdentities [32m200[0m 33.206 ms - 2[0m
[0mPUT /api/entities/617e80892839b0d21da29d18/digitalIdentity/t1234@rabiran.com [32m200[0m 39.565 ms - 2[0m
[0mPOST /api/entities [33m400[0m 22292.861 ms - 85[0m
[0mPOST /api/digitalIdentities [33m400[0m 22324.788 ms - 76[0m
[0mPOST /api/entities [33m400[0m 17378.179 ms - 85[0m
[0mPOST /api/entities [33m400[0m 7350.264 ms - 85[0m
[0mPOST /api/entities [33m400[0m 12364.187 ms - 92[0m
[0mPOST /api/entities [33m400[0m 70.619 ms - 85[0m
[0mPOST /api/entities [33m400[0m 12.365 ms - 85[0m
[0mPOST /api/entities [33m400[0m 10.460 ms - 92[0m
[0mPOST /api/entities [33m400[0m 5.320 ms - 85[0m
[0mGET /api/entities/undefined?expanded=true [33m400[0m 34.182 ms - 38[0m
[0mPOST /api/digitalIdentities [0m-[0m - ms - -[0m
[0mPOST /api/entities [32m200[0m 87.495 ms - 33[0m
[0mPOST /api/digitalIdentities [32m200[0m 102.398 ms - 2[0m
[0mPOST /api/entities [32m200[0m 17.275 ms - 33[0m
[0mPOST /api/entities [32m200[0m 27.068 ms - 33[0m
[0mPOST /api/entities [32m200[0m 13.977 ms - 33[0m
[0mPOST /api/digitalIdentities [32m200[0m 12.549 ms - 2[0m
[0mPUT /api/entities/617e83d42839b0d21da29d50/digitalIdentity/t1234@rabiran.com [32m200[0m 29.443 ms - 2[0m
[0mGET /api/entities/617e83d42839b0d21da29d50?expanded=true [32m200[0m 3832.548 ms - 637[0m
[0mPOST /api/digitalIdentities [32m200[0m 26.831 ms - 2[0m
[0mPOST /api/entities [32m200[0m 25.265 ms - 33[0m
[0mPOST /api/entities [32m200[0m 9.267 ms - 33[0m
[0mPOST /api/entities [32m200[0m 11.688 ms - 33[0m
[0mPOST /api/entities [32m200[0m 9.612 ms - 33[0m
[0mPOST /api/digitalIdentities [32m200[0m 13.066 ms - 2[0m
[0mPUT /api/entities/617e841f2839b0d21da29d75/digitalIdentity/t1234@rabiran.com [32m200[0m 23.598 ms - 2[0m
[0mGET /api/entities/617e841f2839b0d21da29d75?expanded=true [32m200[0m 1582.227 ms - 637[0m
[0mPOST /api/digitalIdentities [33m400[0m 20.121 ms - 76[0m
[0mPOST /api/entities [33m400[0m 18.633 ms - 85[0m
[0mPOST /api/entities [33m400[0m 6.312 ms - 85[0m
[0mPOST /api/entities [33m400[0m 8.685 ms - 92[0m
[0mPOST /api/entities [33m400[0m 3.642 ms - 85[0m
[0mPOST /api/entities [32m200[0m 29.585 ms - 33[0m
[0mPOST /api/entities [32m200[0m 14.618 ms - 33[0m
[0mPOST /api/digitalIdentities [32m200[0m 31.211 ms - 2[0m
[0mPOST /api/entities [32m200[0m 13.844 ms - 33[0m
[0mPOST /api/entities [32m200[0m 16.053 ms - 33[0m
[0mPOST /api/digitalIdentities [32m200[0m 11.349 ms - 2[0m
[0mPUT /api/entities/617e851e2839b0d21da29d9f/digitalIdentity/t1234@rabiran.com [32m200[0m 26.636 ms - 2[0m
[0mGET /api/entities/617e851e2839b0d21da29d9f?expanded=true [32m200[0m 6243.409 ms - 637[0m
[0mGET /api/entities/digitalIdentity/t1234@rabiran.com?expanded=true [32m200[0m 2466.056 ms - 637[0m
[0mPOST /api/digitalIdentities [32m200[0m 32.557 ms - 2[0m
[0mPOST /api/entities [32m200[0m 28.677 ms - 33[0m
[0mPOST /api/entities [32m200[0m 13.458 ms - 33[0m
[0mPOST /api/entities [32m200[0m 14.089 ms - 33[0m
[0mPOST /api/entities [32m200[0m 12.285 ms - 33[0m
[0mPOST /api/digitalIdentities [32m200[0m 11.379 ms - 2[0m
[0mPUT /api/entities/617e85eb2839b0d21da29dc4/digitalIdentity/t1234@rabiran.com [32m200[0m 19.373 ms - 2[0m
[0mGET /api/entities/617e85eb2839b0d21da29dc4?expanded=true [32m200[0m 3056.881 ms - 351[0m
[0mGET /api/entities/digitalIdentity/t1234@rabiran.com?expanded=true [32m200[0m 1166.316 ms - 637[0m
[0mPOST /api/digitalIdentities [32m200[0m 29.655 ms - 2[0m
[0mPOST /api/entities [32m200[0m 29.991 ms - 33[0m
[0mPOST /api/entities [32m200[0m 13.348 ms - 33[0m
[0mPOST /api/entities [32m200[0m 14.779 ms - 33[0m
[0mPOST /api/entities [32m200[0m 11.998 ms - 33[0m
[0mPOST /api/digitalIdentities [32m200[0m 26.314 ms - 2[0m
[0mPUT /api/entities/617e86462839b0d21da29de9/digitalIdentity/t1234@rabiran.com [32m200[0m 30.004 ms - 2[0m
[0mGET /api/entities/617e86462839b0d21da29de9?expanded=true [32m200[0m 4881.854 ms - 637[0m
[0mGET /api/entities/digitalIdentity/t1234@rabiran.com?expanded=true [32m200[0m 8001.484 ms - 637[0m
[0mPOST /api/digitalIdentities [32m200[0m 35.168 ms - 2[0m
[0mPOST /api/entities [32m200[0m 32.888 ms - 33[0m
[0mPOST /api/entities [32m200[0m 11.218 ms - 33[0m
[0mPOST /api/entities [32m200[0m 9.723 ms - 33[0m
[0mPOST /api/entities [32m200[0m 10.281 ms - 33[0m
[0mPOST /api/digitalIdentities [32m200[0m 13.765 ms - 2[0m
[0mPUT /api/entities/617e86892839b0d21da29e0e/digitalIdentity/t1234@rabiran.com [32m200[0m 22.676 ms - 2[0m
[0mGET /api/entities/617e86892839b0d21da29e0e?expanded=true [32m200[0m 2478.790 ms - 637[0m
[0mGET /api/entities/digitalIdentity/t1234@rabiran.com?expanded=true [32m200[0m 1118.363 ms - 637[0m
[0mPOST /api/entities [32m200[0m 35.332 ms - 33[0m
[0mPOST /api/digitalIdentities [32m200[0m 39.048 ms - 2[0m
[0mPOST /api/entities [32m200[0m 18.912 ms - 33[0m
[0mPOST /api/entities [32m200[0m 14.510 ms - 33[0m
[0mPOST /api/entities [32m200[0m 10.657 ms - 33[0m
[0mPOST /api/digitalIdentities [32m200[0m 13.801 ms - 2[0m
[0mPUT /api/entities/617e86ba2839b0d21da29e33/digitalIdentity/t1234@rabiran.com [32m200[0m 22.923 ms - 2[0m
[0mGET /api/entities/617e86ba2839b0d21da29e33?expanded=true [32m200[0m 6.975 ms - 351[0m
[0mGET /api/entities/digitalIdentity/t1234@rabiran.com?expanded=true [32m200[0m 28.282 ms - 637[0m
[0mPOST /api/digitalIdentities [32m200[0m 37.479 ms - 2[0m
[0mPOST /api/entities [32m200[0m 25.787 ms - 33[0m
[0mPOST /api/entities [32m200[0m 8.721 ms - 33[0m
[0mPOST /api/entities [32m200[0m 11.739 ms - 33[0m
[0mPOST /api/entities [32m200[0m 11.815 ms - 33[0m
[0mPOST /api/digitalIdentities [32m200[0m 16.045 ms - 2[0m
[0mPUT /api/entities/617e875e2839b0d21da29e58/digitalIdentity/t1234@rabiran.com [32m200[0m 22.158 ms - 2[0m
[0mGET /api/entities/617e875e2839b0d21da29e58?expanded=true [32m200[0m 6.389 ms - 637[0m
[0mGET /api/entities/digitalIdentity/t1234@rabiran.com?expanded=true [32m200[0m 24.655 ms - 637[0m
[0mPOST /api/digitalIdentities [33m400[0m 19.990 ms - 76[0m
[0mPOST /api/entities [33m400[0m 20.429 ms - 85[0m
[0mPOST /api/entities [33m400[0m 6.196 ms - 85[0m
[0mPOST /api/entities [33m400[0m 8.092 ms - 92[0m
[0mPOST /api/entities [33m400[0m 3.408 ms - 85[0m
[0mPOST /api/digitalIdentities [32m200[0m 24.622 ms - 2[0m
[0mPOST /api/entities [32m200[0m 24.875 ms - 33[0m
[0mPOST /api/entities [32m200[0m 14.269 ms - 33[0m
[0mPOST /api/entities [32m200[0m 10.218 ms - 33[0m
[0mPOST /api/entities [32m200[0m 10.320 ms - 33[0m
[0mPOST /api/digitalIdentities [32m200[0m 10.746 ms - 2[0m
[0mPUT /api/entities/617e87882839b0d21da29e82/digitalIdentity/t1234@rabiran.com [32m200[0m 19.708 ms - 2[0m
[0mGET /api/entities/617e87882839b0d21da29e82?expanded=true [32m200[0m 4.286 ms - 637[0m
[0mGET /api/entities/digitalIdentity/t1234@rabiran.com?expanded=true [32m200[0m 3.441 ms - 637[0m
[0mPOST /api/entities [32m200[0m 23.192 ms - 33[0m
[0mPOST /api/digitalIdentities [33m400[0m 8.431 ms - 77[0m
[0mPUT /api/entities/617e8efc2839b0d21da29e97/digitalIdentity/t1234@rabiran.com [33m400[0m 15.615 ms - 92[0m
[0mGET /api/entities/digitalIdentity/t1234@rabiran.com?expanded=true [33m404[0m 82.293 ms - 36[0m
[0mPOST /api/entities [32m200[0m 60.537 ms - 33[0m
[0mPOST /api/digitalIdentities [32m200[0m 60.217 ms - 2[0m
[0mPOST /api/entities [32m200[0m 10.155 ms - 33[0m
[0mPOST /api/entities [32m200[0m 16.389 ms - 33[0m
[0mPOST /api/entities [32m200[0m 16.909 ms - 33[0m
[0mPOST /api/digitalIdentities [32m200[0m 15.429 ms - 2[0m
[0mPUT /api/entities/617e8f6c2839b0d21da29ec5/digitalIdentity/t1234@rabiran.com [32m200[0m 50.127 ms - 2[0m
[0mGET /api/entities/617e8f6c2839b0d21da29ec5?expanded=true [32m200[0m 13837.526 ms - 637[0m
[0mGET /api/entities/digitalIdentity/t1234@rabiran.com?expanded=true [32m200[0m 2767.190 ms - 637[0m
[0mPOST /api/entities [32m200[0m 5564.912 ms - 33[0m
[0mPOST /api/digitalIdentities [32m200[0m 48957.153 ms - 2[0m
[0mPOST /api/entities [32m200[0m 10558.885 ms - 33[0m
[0mPOST /api/entities [32m200[0m 567.494 ms - 33[0m
[0mPOST /api/entities [32m200[0m 27.148 ms - 33[0m
[0mPOST /api/digitalIdentities [32m200[0m 27.586 ms - 2[0m
[0mPUT /api/entities/617e8fe82839b0d21da29eec/digitalIdentity/t1234@rabiran.com [32m200[0m 52.804 ms - 2[0m
[0mGET /api/entities/617e8fe82839b0d21da29eec?expanded=true [32m200[0m 6.759 ms - 637[0m
[0mGET /api/entities/digitalIdentity/t1234@rabiran.com?expanded=true [33m404[0m 5.984 ms - 36[0m
[0mPOST /api/digitalIdentities [32m200[0m 372.195 ms - 2[0m
[0mPOST /api/entities [32m200[0m 601.662 ms - 33[0m
[0mPOST /api/entities [32m200[0m 5600.443 ms - 33[0m
[0mPOST /api/entities [32m200[0m 14.623 ms - 33[0m
[0mPOST /api/entities [32m200[0m 13.849 ms - 33[0m
[0mPOST /api/digitalIdentities [32m200[0m 26.985 ms - 2[0m
[0mPUT /api/entities/617e90192839b0d21da29f11/digitalIdentity/t1234@rabiran.com [32m200[0m 28.737 ms - 2[0m
[0mGET /api/entities/617e90192839b0d21da29f11?expanded=true [32m200[0m 18.344 ms - 637[0m
[0mGET /api/entities/digitalIdentity/t1234@rabiran.com?expanded=true [32m200[0m 13.103 ms - 637[0m
[0mPOST /api/digitalIdentities [32m200[0m 45257.504 ms - 2[0m
[0mPOST /api/entities [32m200[0m 48.937 ms - 33[0m
[0mPOST /api/entities [32m200[0m 14.946 ms - 33[0m
[0mPOST /api/entities [32m200[0m 15.537 ms - 33[0m
[0mPOST /api/entities [32m200[0m 13.471 ms - 33[0m
[0mPOST /api/digitalIdentities [32m200[0m 17.022 ms - 2[0m
[0mPUT /api/entities/617e90972839b0d21da29f38/digitalIdentity/t1234@rabiran.com [32m200[0m 21.186 ms - 2[0m
[0mGET /api/entities/617e90972839b0d21da29f38?expanded=true [32m200[0m 146.904 ms - 637[0m
[0mGET /api/entities/digitalIdentity/t1234@rabiran.com?expanded=true [32m200[0m 10.098 ms - 637[0m
[0mPOST /api/digitalIdentities [0m-[0m - ms - -[0m
[0mPOST /api/digitalIdentities [32m200[0m 155.116 ms - 2[0m
[0mPOST /api/entities [32m200[0m 94.568 ms - 33[0m
[0mPOST /api/entities [32m200[0m 30.248 ms - 33[0m
[0mPOST /api/entities [32m200[0m 25.765 ms - 33[0m
[0mPOST /api/entities [32m200[0m 33.868 ms - 33[0m
[0mPOST /api/digitalIdentities [32m200[0m 22.563 ms - 2[0m
[0mPUT /api/entities/61800a7e8fde3d66c086e8b1/digitalIdentity/t1234@rabiran.com [32m200[0m 58.623 ms - 2[0m
[0mGET /api/entities/61800a7e8fde3d66c086e8b1?expanded=true [33m404[0m 66.090 ms - 36[0m
[0mGET /api/entities/digitalIdentity/t1234@rabiran.com?expanded=true [33m404[0m 36.190 ms - 36[0m
[0mDELETE /api/entities/61800a7e8fde3d66c086e8b1/digitalIdentity/t1234@rabiran.com [32m200[0m 2098.471 ms - 2[0m
[0mPOST /api/entities [32m200[0m 93.042 ms - 33[0m
[0mPOST /api/entities [32m200[0m 27.564 ms - 33[0m
[0mPOST /api/entities [32m200[0m 31.518 ms - 33[0m
[0mPOST /api/digitalIdentities [32m200[0m 90.870 ms - 2[0m
[0mPOST /api/entities [32m200[0m 33.910 ms - 33[0m
[0mPOST /api/digitalIdentities [32m200[0m 30.120 ms - 2[0m
[0mPUT /api/entities/61800b398fde3d66c086e8dd/digitalIdentity/t1234@rabiran.com [32m200[0m 65.249 ms - 2[0m
[0mGET /api/entities/61800b398fde3d66c086e8dd?expanded=true [33m404[0m 19.709 ms - 36[0m
[0mGET /api/entities/digitalIdentity/t1234@rabiran.com?expanded=true [33m404[0m 46.180 ms - 36[0m
[0mDELETE /api/entities/61800b398fde3d66c086e8dd/digitalIdentity/t1234@rabiran.com [32m200[0m 36883.237 ms - 2[0m
[0mPOST /api/entities [32m200[0m 96.545 ms - 33[0m
[0mPOST /api/entities [32m200[0m 30.712 ms - 33[0m
[0mPOST /api/digitalIdentities [32m200[0m 92.646 ms - 2[0m
[0mPOST /api/entities [32m200[0m 35.711 ms - 33[0m
[0mPOST /api/entities [32m200[0m 36.792 ms - 33[0m
[0mPOST /api/digitalIdentities [32m200[0m 40.229 ms - 2[0m
[0mPUT /api/entities/61800c598fde3d66c086e909/digitalIdentity/t1234@rabiran.com [32m200[0m 59.161 ms - 2[0m
[0mGET /api/entities/61800c598fde3d66c086e909?expanded=true [33m404[0m 15.450 ms - 36[0m
[0mGET /api/entities/digitalIdentity/t1234@rabiran.com?expanded=true [33m404[0m 14.614 ms - 36[0m
[0mDELETE /api/entities/61800c598fde3d66c086e909/digitalIdentity/t1234@rabiran.com [32m200[0m 2084.533 ms - 2[0m
[0mPOST /api/entities [32m200[0m 82.178 ms - 33[0m
[0mPOST /api/entities [32m200[0m 31.796 ms - 33[0m
[0mPOST /api/entities [32m200[0m 32.481 ms - 33[0m
[0mPOST /api/digitalIdentities [32m200[0m 95.565 ms - 2[0m
[0mPOST /api/entities [32m200[0m 35.835 ms - 33[0m
[0mPOST /api/digitalIdentities [32m200[0m 42.997 ms - 2[0m
[0mPUT /api/entities/61800d108fde3d66c086e935/digitalIdentity/t1234@rabiran.com [32m200[0m 64.093 ms - 2[0m
[0mGET /api/entities/61800d108fde3d66c086e935?expanded=true [33m404[0m 16.313 ms - 36[0m
[0mGET /api/entities/digitalIdentity/t1234@rabiran.com?expanded=true [33m404[0m 29.714 ms - 36[0m
[0mDELETE /api/entities/61800d108fde3d66c086e935/digitalIdentity/t1234@rabiran.com [32m200[0m 3053.460 ms - 2[0m
[0mPOST /api/digitalIdentities [32m200[0m 170.334 ms - 2[0m
[0mPOST /api/entities [32m200[0m 136.849 ms - 33[0m
[0mPOST /api/entities [32m200[0m 55.382 ms - 33[0m
[0mPOST /api/entities [32m200[0m 40.100 ms - 33[0m
[0mPOST /api/entities [32m200[0m 37.806 ms - 33[0m
[0mPOST /api/digitalIdentities [32m200[0m 31.189 ms - 2[0m
[0mPUT /api/entities/61801902b1442e44b094630a/digitalIdentity/t1234@rabiran.com [32m200[0m 103.328 ms - 2[0m
[0mGET /api/entities/61801902b1442e44b094630a?expanded=true [31m500[0m 53.338 ms - 66[0m
[0mGET /api/entities/digitalIdentity/t1234@rabiran.com?expanded=true [32m200[0m 28.498 ms - 637[0m
[0mDELETE /api/entities/61801902b1442e44b094630a/digitalIdentity/t1234@rabiran.com [32m200[0m 70.434 ms - 2[0m
[0mPOST /api/digitalIdentities [32m200[0m 91.613 ms - 2[0m
[0mPOST /api/entities [32m200[0m 74.368 ms - 33[0m
[0mPOST /api/entities [32m200[0m 33.395 ms - 33[0m
[0mPOST /api/entities [32m200[0m 33.299 ms - 33[0m
[0mPOST /api/entities [32m200[0m 35.045 ms - 33[0m
[0mPOST /api/digitalIdentities [32m200[0m 29.196 ms - 2[0m
[0mPUT /api/entities/618019c3b1442e44b0946336/digitalIdentity/t1234@rabiran.com [32m200[0m 56.272 ms - 2[0m
[0mGET /api/entities/618019c3b1442e44b0946336?expanded=true [31m500[0m 15.566 ms - 66[0m
[0mGET /api/entities/digitalIdentity/t1234@rabiran.com?expanded=true [32m200[0m 23.468 ms - 637[0m
[0mDELETE /api/entities/618019c3b1442e44b0946336/digitalIdentity/t1234@rabiran.com [32m200[0m 62.558 ms - 2[0m
[0mGET /api/entities/618019c3b1442e44b0946336?expanded=true [31m500[0m 16.058 ms - 66[0m
[0mPOST /api/digitalIdentities [32m200[0m 81.954 ms - 2[0m
[0mPOST /api/entities [32m200[0m 89.086 ms - 33[0m
[0mPOST /api/entities [32m200[0m 26.220 ms - 33[0m
[0mPOST /api/entities [32m200[0m 26.029 ms - 33[0m
[0mPOST /api/entities [32m200[0m 61.583 ms - 33[0m
[0mPOST /api/digitalIdentities [32m200[0m 40.888 ms - 2[0m
[0mPUT /api/entities/61801a00b1442e44b0946362/digitalIdentity/t1234@rabiran.com [32m200[0m 52.406 ms - 2[0m
[0mGET /api/entities/61801a00b1442e44b0946362?expanded=true [31m500[0m 15.818 ms - 66[0m
[0mGET /api/entities/digitalIdentity/t1234@rabiran.com?expanded=true [32m200[0m 16.629 ms - 637[0m
[0mDELETE /api/entities/61801a00b1442e44b0946362/digitalIdentity/t1234@rabiran.com [32m200[0m 57.425 ms - 2[0m
[0mGET /api/entities/61801a00b1442e44b0946362?expanded=true [31m500[0m 15.368 ms - 66[0m
[0mPOST /api/digitalIdentities [32m200[0m 87.727 ms - 2[0m
[0mPOST /api/entities [32m200[0m 87.051 ms - 33[0m
[0mPOST /api/entities [32m200[0m 30.956 ms - 33[0m
[0mPOST /api/entities [32m200[0m 27.483 ms - 33[0m
[0mPOST /api/entities [32m200[0m 32.562 ms - 33[0m
[0mPOST /api/digitalIdentities [32m200[0m 30.195 ms - 2[0m
[0mPUT /api/entities/61801a66b1442e44b094638e/digitalIdentity/t1234@rabiran.com [32m200[0m 48.621 ms - 2[0m
[0mGET /api/entities/61801a66b1442e44b094638e?expanded=true [32m200[0m 44.811 ms - 637[0m
[0mGET /api/entities/digitalIdentity/t1234@rabiran.com?expanded=true [32m200[0m 14.414 ms - 637[0m
[0mDELETE /api/entities/61801a66b1442e44b094638e/digitalIdentity/t1234@rabiran.com [32m200[0m 56.082 ms - 2[0m
[0mGET /api/entities/61801a66b1442e44b094638e?expanded=true [32m200[0m 12.586 ms - 351[0m
[0mPOST /api/digitalIdentities [32m200[0m 77.006 ms - 2[0m
[0mPOST /api/entities [32m200[0m 68.965 ms - 33[0m
[0mPOST /api/entities [32m200[0m 28.642 ms - 33[0m
[0mPOST /api/entities [32m200[0m 29.473 ms - 33[0m
[0mPOST /api/entities [32m200[0m 35.493 ms - 33[0m
[0mPOST /api/digitalIdentities [32m200[0m 27.003 ms - 2[0m
[0mPUT /api/entities/61801aa7b1442e44b09463ba/digitalIdentity/t1234@rabiran.com [32m200[0m 59.456 ms - 2[0m
[0mGET /api/entities/61801aa7b1442e44b09463ba?expanded=true [32m200[0m 15.526 ms - 637[0m
[0mGET /api/entities/digitalIdentity/t1234@rabiran.com?expanded=true [32m200[0m 12.365 ms - 637[0m
[0mDELETE /api/entities/61801aa7b1442e44b09463ba/digitalIdentity/t1234@rabiran.com [32m200[0m 52.884 ms - 2[0m
[0mGET /api/entities/61801aa7b1442e44b09463ba?expanded=true [32m200[0m 12.607 ms - 351[0m
[0mPOST /api/entities [32m200[0m 88.485 ms - 33[0m
[0mPOST /api/digitalIdentities [32m200[0m 105.764 ms - 2[0m
[0mPOST /api/entities [32m200[0m 52.083 ms - 33[0m
[0mPOST /api/entities [32m200[0m 33.166 ms - 33[0m
[0mPOST /api/entities [32m200[0m 31.665 ms - 33[0m
[0mPOST /api/digitalIdentities [32m200[0m 28.781 ms - 2[0m
[0mPUT /api/entities/6180209cb1442e44b09463e6/digitalIdentity/t1234@rabiran.com [32m200[0m 70.345 ms - 2[0m
[0mGET /api/entities/6180209cb1442e44b09463e6?expanded=true [32m200[0m 16.635 ms - 637[0m
[0mPOST /api/groups [33m400[0m 58.832 ms - 32[0m
[0mGET /api/entities/digitalIdentity/t1234@rabiran.com?expanded=true [32m200[0m 11.319 ms - 637[0m
[0mDELETE /api/entities/6180209cb1442e44b09463e6/digitalIdentity/t1234@rabiran.com [32m200[0m 67.282 ms - 2[0m
[0mGET /api/entities/6180209cb1442e44b09463e6?expanded=true [32m200[0m 11.640 ms - 351[0m
[0mPOST /api/digitalIdentities [32m200[0m 88.648 ms - 2[0m
[0mPOST /api/entities [32m200[0m 92.817 ms - 33[0m
[0mPOST /api/entities [32m200[0m 29.411 ms - 33[0m
[0mPOST /api/entities [32m200[0m 35.302 ms - 33[0m
[0mPOST /api/entities [32m200[0m 45.981 ms - 33[0m
[0mPOST /api/digitalIdentities [32m200[0m 33.557 ms - 2[0m
[0mPUT /api/entities/6180211cb1442e44b0946413/digitalIdentity/t1234@rabiran.com [32m200[0m 66.948 ms - 2[0m
[0mGET /api/entities/6180211cb1442e44b0946413?expanded=true [32m200[0m 15.171 ms - 637[0m
[0mPOST /api/groups [32m200[0m 73.786 ms - 33[0m
[0mGET /api/entities/digitalIdentity/t1234@rabiran.com?expanded=true [32m200[0m 12.359 ms - 637[0m
[0mDELETE /api/entities/6180211cb1442e44b0946413/digitalIdentity/t1234@rabiran.com [32m200[0m 48.167 ms - 2[0m
[0mGET /api/entities/6180211cb1442e44b0946413?expanded=true [32m200[0m 11.673 ms - 351[0m
[0mPOST /api/digitalIdentities [32m200[0m 81.345 ms - 2[0m
[0mPOST /api/entities [32m200[0m 79.052 ms - 33[0m
[0mPOST /api/entities [32m200[0m 28.187 ms - 33[0m
[0mPOST /api/entities [32m200[0m 24.648 ms - 33[0m
[0mPOST /api/entities [32m200[0m 26.281 ms - 33[0m
[0mPOST /api/digitalIdentities [32m200[0m 30.522 ms - 2[0m
[0mPUT /api/entities/6180220cb1442e44b0946443/digitalIdentity/t1234@rabiran.com [32m200[0m 78.636 ms - 2[0m
[0mGET /api/entities/6180220cb1442e44b0946443?expanded=true [32m200[0m 12.629 ms - 637[0m
[0mGET /api/entities/digitalIdentity/t1234@rabiran.com?expanded=true [32m200[0m 11.360 ms - 637[0m
[0mDELETE /api/entities/6180220cb1442e44b0946443/digitalIdentity/t1234@rabiran.com [32m200[0m 57.390 ms - 2[0m
[0mGET /api/entities/6180220cb1442e44b0946443?expanded=true [32m200[0m 12.017 ms - 351[0m
[0mPOST /api/entities [32m200[0m 82.921 ms - 33[0m
[0mPOST /api/digitalIdentities [32m200[0m 89.709 ms - 2[0m
[0mPOST /api/entities [32m200[0m 46.050 ms - 33[0m
[0mPOST /api/entities [32m200[0m 32.763 ms - 33[0m
[0mPOST /api/entities [32m200[0m 29.991 ms - 33[0m
[0mPOST /api/digitalIdentities [32m200[0m 25.518 ms - 2[0m
[0mPUT /api/entities/6180224fb1442e44b094646f/digitalIdentity/t1234@rabiran.com [32m200[0m 50.735 ms - 2[0m
[0mGET /api/entities/6180224fb1442e44b094646f?expanded=true [32m200[0m 12.095 ms - 637[0m
[0mGET /api/entities/digitalIdentity/t1234@rabiran.com?expanded=true [32m200[0m 11.915 ms - 637[0m
[0mDELETE /api/entities/6180224fb1442e44b094646f/digitalIdentity/t1234@rabiran.com [32m200[0m 55.175 ms - 2[0m
[0mGET /api/entities/6180224fb1442e44b094646f?expanded=true [32m200[0m 11.240 ms - 351[0m
[0mPOST /api/entities [32m200[0m 96.114 ms - 33[0m
[0mPOST /api/digitalIdentities [32m200[0m 98.961 ms - 2[0m
[0mPOST /api/entities [32m200[0m 45.853 ms - 33[0m
[0mPOST /api/entities [32m200[0m 36.733 ms - 33[0m
[0mPOST /api/entities [32m200[0m 29.263 ms - 33[0m
[0mPOST /api/digitalIdentities [32m200[0m 36.109 ms - 2[0m
[0mPUT /api/entities/61802274b1442e44b094649b/digitalIdentity/t1234@rabiran.com [32m200[0m 58.209 ms - 2[0m
[0mGET /api/entities/61802274b1442e44b094649b?expanded=true [32m200[0m 14.880 ms - 637[0m
[0mPOST /api/groups [32m200[0m 68.169 ms - 33[0m
[0mGET /api/entities/digitalIdentity/t1234@rabiran.com?expanded=true [32m200[0m 12.271 ms - 637[0m
[0mDELETE /api/entities/61802274b1442e44b094649b/digitalIdentity/t1234@rabiran.com [32m200[0m 51.572 ms - 2[0m
[0mGET /api/entities/61802274b1442e44b094649b?expanded=true [32m200[0m 12.951 ms - 351[0m
[0mPOST /api/digitalIdentities [32m200[0m 71.920 ms - 2[0m
[0mPOST /api/groups [32m200[0m 86.056 ms - 33[0m
[0mPOST /api/entities [33m400[0m 64.366 ms - 85[0m
[0mPOST /api/entities [33m400[0m 21.945 ms - 85[0m
[0mPOST /api/entities [33m400[0m 28.339 ms - 92[0m
[0mPOST /api/entities [33m400[0m 14.273 ms - 85[0m
[0mGET /api/entities/undefined?expanded=true [33m400[0m 27.031 ms - 38[0m
[0mGET /api/entities/digitalIdentity/t1234@rabiran.com?expanded=true [33m404[0m 19.014 ms - 36[0m
[0mGET /api/entities/undefined?expanded=true [33m400[0m 14.822 ms - 38[0m
[0mPOST /api/groups [32m200[0m 86.266 ms - 33[0m
[0mPOST /api/digitalIdentities [32m200[0m 90.837 ms - 2[0m
[0mPOST /api/entities [32m200[0m 99.847 ms - 33[0m
[0mPOST /api/entities [32m200[0m 28.713 ms - 33[0m
[0mPOST /api/entities [32m200[0m 36.503 ms - 33[0m
[0mPOST /api/entities [32m200[0m 29.042 ms - 33[0m
[0mPOST /api/digitalIdentities [32m200[0m 32.061 ms - 2[0m
[0mPUT /api/entities/61802309b1442e44b09464db/digitalIdentity/t1234@rabiran.com [32m200[0m 59.402 ms - 2[0m
[0mGET /api/entities/61802309b1442e44b09464db?expanded=true [32m200[0m 13.731 ms - 637[0m
[0mGET /api/entities/digitalIdentity/t1234@rabiran.com?expanded=true [32m200[0m 12.620 ms - 637[0m
[0mDELETE /api/entities/61802309b1442e44b09464db/digitalIdentity/t1234@rabiran.com [32m200[0m 82.651 ms - 2[0m
[0mGET /api/entities/61802309b1442e44b09464db?expanded=true [32m200[0m 11.253 ms - 351[0m
[0mPOST /api/entities [32m200[0m 91.806 ms - 33[0m
[0mPOST /api/groups [32m200[0m 101.750 ms - 33[0m
[0mPOST /api/entities [32m200[0m 45.309 ms - 33[0m
[0mPOST /api/digitalIdentities [32m200[0m 108.773 ms - 2[0m
[0mPOST /api/entities [32m200[0m 45.982 ms - 33[0m
[0mPOST /api/entities [32m200[0m 36.632 ms - 33[0m
[0mPOST /api/digitalIdentities [32m200[0m 26.505 ms - 2[0m
[0mPUT /api/entities/6180233fb1442e44b094650b/digitalIdentity/t1234@rabiran.com [32m200[0m 48.881 ms - 2[0m
[0mGET /api/entities/6180233fb1442e44b094650b?expanded=true [32m200[0m 12.762 ms - 637[0m
[0mGET /api/entities/digitalIdentity/t1234@rabiran.com?expanded=true [32m200[0m 11.689 ms - 637[0m
[0mDELETE /api/entities/6180233fb1442e44b094650b/digitalIdentity/t1234@rabiran.com [32m200[0m 53.481 ms - 2[0m
[0mGET /api/entities/6180233fb1442e44b094650b?expanded=true [32m200[0m 13.245 ms - 351[0m
[0mPOST /api/entities [32m200[0m 114.281 ms - 33[0m
[0mPOST /api/entities [32m200[0m 38.897 ms - 33[0m
[0mPOST /api/entities [32m200[0m 51.071 ms - 33[0m
[0mPOST /api/entities [32m200[0m 41.617 ms - 33[0m
[0mPOST /api/digitalIdentities [32m200[0m 30.263 ms - 2[0m
[0mPUT /api/entities/6180244ab1442e44b0946533/digitalIdentity/t1234@rabiran.com [32m200[0m 58.041 ms - 2[0m
[0mPOST /api/digitalIdentities [32m200[0m 106.760 ms - 2[0m
[0mGET /api/entities/6180244ab1442e44b0946533?expanded=true [32m200[0m 18.810 ms - 637[0m
[0mPOST /api/groups [32m200[0m 75.900 ms - 33[0m
[0mPOST /api/groups [32m200[0m 23.022 ms - 33[0m
[0mGET /api/entities/digitalIdentity/t1234@rabiran.com?expanded=true [32m200[0m 12.105 ms - 637[0m
[0mDELETE /api/entities/6180244ab1442e44b0946533/digitalIdentity/t1234@rabiran.com [32m200[0m 64.560 ms - 2[0m
[0mGET /api/entities/6180244ab1442e44b0946533?expanded=true [32m200[0m 12.339 ms - 351[0m
[0mPOST /api/digitalIdentities [33m400[0m 78.290 ms - 76[0m
[0mPOST /api/entities [32m200[0m 103.210 ms - 33[0m
[0mPOST /api/entities [32m200[0m 54.659 ms - 33[0m
[0mPOST /api/entities [32m200[0m 38.191 ms - 33[0m
[0mPOST /api/entities [32m200[0m 318.522 ms - 33[0m
[0mPOST /api/digitalIdentities [33m400[0m 40.011 ms - 77[0m
[0mPOST /api/groups [32m200[0m 86.461 ms - 33[0m
[0mPOST /api/groups [33m400[0m 15.638 ms - 37[0m
[0mPUT /api/entities/6180257ab1442e44b0946568/digitalIdentity/t1234@rabiran.com [32m200[0m 67.546 ms - 2[0m
[0mGET /api/entities/6180257ab1442e44b0946568?expanded=true [32m200[0m 13.870 ms - 637[0m
[0mGET /api/entities/digitalIdentity/t1234@rabiran.com?expanded=true [33m404[0m 15.726 ms - 36[0m
[0mDELETE /api/entities/6180257ab1442e44b0946568/digitalIdentity/t1234@rabiran.com [33m404[0m 19.873 ms - 83[0m
[0mGET /api/entities/6180257ab1442e44b0946568?expanded=true [33m404[0m 20.312 ms - 36[0m
[0mPOST /api/groups [32m200[0m 89.749 ms - 33[0m
[0mPOST /api/entities [32m200[0m 101.420 ms - 33[0m
[0mPOST /api/groups [33m400[0m 14.330 ms - 37[0m
[0mPOST /api/entities [32m200[0m 46.093 ms - 33[0m
[0mPOST /api/entities [32m200[0m 58.455 ms - 33[0m
[0mPOST /api/digitalIdentities [32m200[0m 149.594 ms - 2[0m
[0mPOST /api/entities [32m200[0m 65.452 ms - 33[0m
[0mPOST /api/digitalIdentities [32m200[0m 34.495 ms - 2[0m
[0mPUT /api/entities/6180259ab1442e44b0946595/digitalIdentity/t1234@rabiran.com [32m200[0m 52.357 ms - 2[0m
[0mGET /api/entities/6180259ab1442e44b0946595?expanded=true [32m200[0m 12.086 ms - 637[0m
[0mGET /api/entities/digitalIdentity/t1234@rabiran.com?expanded=true [32m200[0m 11.909 ms - 637[0m
[0mDELETE /api/entities/6180259ab1442e44b0946595/digitalIdentity/t1234@rabiran.com [32m200[0m 63.015 ms - 2[0m
[0mGET /api/entities/6180259ab1442e44b0946595?expanded=true [32m200[0m 8.917 ms - 351[0m
[0mPOST /api/digitalIdentities [32m200[0m 159.549 ms - 2[0m
[0mPOST /api/entities [32m200[0m 146.650 ms - 33[0m
[0mPOST /api/entities [32m200[0m 56.754 ms - 33[0m
[0mPOST /api/entities [32m200[0m 49.256 ms - 33[0m
[0mPOST /api/entities [32m200[0m 42.412 ms - 33[0m
[0mPOST /api/groups [32m200[0m 101.871 ms - 33[0m
[0mPOST /api/digitalIdentities [32m200[0m 53.228 ms - 2[0m
[0mPOST /api/groups [33m400[0m 21.587 ms - 37[0m
[0mPUT /api/entities/6180263f9332da200c05e7c9/digitalIdentity/t1234@rabiran.com [32m200[0m 96.314 ms - 2[0m
[0mGET /api/entities/6180263f9332da200c05e7c9?expanded=true [32m200[0m 11.682 ms - 637[0m
[0mGET /api/entities/digitalIdentity/t1234@rabiran.com?expanded=true [32m200[0m 13.102 ms - 637[0m
[0mDELETE /api/entities/6180263f9332da200c05e7c9/digitalIdentity/t1234@rabiran.com [32m200[0m 75.286 ms - 2[0m
[0mGET /api/entities/6180263f9332da200c05e7c9?expanded=true [32m200[0m 12.188 ms - 351[0m
[0mPOST /api/entities [32m200[0m 117.878 ms - 33[0m
[0mPOST /api/digitalIdentities [32m200[0m 100.714 ms - 2[0m
[0mPOST /api/entities [32m200[0m 45.704 ms - 33[0m
[0mPOST /api/entities [32m200[0m 42.822 ms - 33[0m
[0mPOST /api/entities [32m200[0m 47.430 ms - 33[0m
[0mPOST /api/digitalIdentities [32m200[0m 36.403 ms - 2[0m
[0mPUT /api/entities/6180270b9332da200c05e7fa/digitalIdentity/t1234@rabiran.com [32m200[0m 82.269 ms - 2[0m
[0mGET /api/entities/6180270b9332da200c05e7fa?expanded=true [32m200[0m 14.002 ms - 637[0m
[0mPOST /api/groups [32m200[0m 106.709 ms - 33[0m
[0mGET /api/entities/digitalIdentity/t1234@rabiran.com?expanded=true [32m200[0m 14.767 ms - 637[0m
[0mGET /api/entities/6180270b9332da200c05e7fa?expanded=true [32m200[0m 12.233 ms - 637[0m
[0mPOST /api/groups [32m200[0m 112.055 ms - 33[0m
[0mPOST /api/entities [32m200[0m 121.142 ms - 33[0m
[0mPOST /api/digitalIdentities [32m200[0m 144.317 ms - 2[0m
[0mPOST /api/entities [32m200[0m 74.207 ms - 33[0m
[0mPOST /api/groups [32m200[0m 82.836 ms - 33[0m
[0mPOST /api/entities [32m200[0m 45.607 ms - 33[0m
[0mPOST /api/entities [32m200[0m 44.639 ms - 33[0m
[0mPOST /api/digitalIdentities [32m200[0m 60.608 ms - 2[0m
[0mPUT /api/entities/618027729332da200c05e83c/digitalIdentity/t1234@rabiran.com [32m200[0m 94.117 ms - 2[0m
[0mGET /api/entities/618027729332da200c05e83c?expanded=true [32m200[0m 13.820 ms - 637[0m
[0mGET /api/entities/digitalIdentity/t1234@rabiran.com?expanded=true [32m200[0m 13.083 ms - 637[0m
[0mDELETE /api/entities/618027729332da200c05e83c/digitalIdentity/t1234@rabiran.com [32m200[0m 70.878 ms - 2[0m
[0mGET /api/entities/618027729332da200c05e83c?expanded=true [32m200[0m 11.928 ms - 351[0m
[0mPOST /api/digitalIdentities [32m200[0m 108.194 ms - 2[0m
[0mPOST /api/entities [32m200[0m 134.463 ms - 33[0m
[0mPOST /api/entities [32m200[0m 42.282 ms - 33[0m
[0mPOST /api/entities [32m200[0m 42.631 ms - 33[0m
[0mPOST /api/entities [32m200[0m 78.246 ms - 33[0m
[0mPOST /api/digitalIdentities [32m200[0m 49.135 ms - 2[0m
[0mPUT /api/entities/6180286f9332da200c05e868/digitalIdentity/t1234@rabiran.com [32m200[0m 87.586 ms - 2[0m
[0mGET /api/entities/6180286f9332da200c05e868?expanded=true [32m200[0m 12.698 ms - 637[0m
[0mPOST /api/groups [32m200[0m 82.734 ms - 33[0m
[0mPOST /api/groups [32m200[0m 42.736 ms - 33[0m
[0mGET /api/entities/digitalIdentity/t1234@rabiran.com?expanded=true [32m200[0m 12.405 ms - 637[0m
[0mDELETE /api/entities/6180286f9332da200c05e868/digitalIdentity/t1234@rabiran.com [32m200[0m 65.066 ms - 2[0m
[0mGET /api/entities/6180286f9332da200c05e868?expanded=true [32m200[0m 13.322 ms - 351[0m
[0mGET /api/groups/618028729332da200c05e87b?expanded=true [32m200[0m 12.276 ms - 315[0m
[0mPOST /api/entities [32m200[0m 112.342 ms - 33[0m
[0mPOST /api/digitalIdentities [32m200[0m 154.508 ms - 2[0m
[0mPOST /api/entities [32m200[0m 69.073 ms - 33[0m
[0mPOST /api/entities [32m200[0m 49.343 ms - 33[0m
[0mPOST /api/entities [32m200[0m 57.898 ms - 33[0m
[0mPOST /api/digitalIdentities [32m200[0m 43.781 ms - 2[0m
[0mPUT /api/entities/618029099332da200c05e89f/digitalIdentity/t1234@rabiran.com [32m200[0m 85.741 ms - 2[0m
[0mGET /api/entities/618029099332da200c05e89f?expanded=true [32m200[0m 12.730 ms - 637[0m
[0mPOST /api/groups [32m200[0m 80.848 ms - 33[0m
[0mPOST /api/groups [32m200[0m 44.931 ms - 33[0m
[0mGET /api/groups/6180290b9332da200c05e8b2?expanded=true [32m200[0m 15.996 ms - 315[0m
[0mGET /api/entities/digitalIdentity/t1234@rabiran.com?expanded=true [32m200[0m 10.865 ms - 637[0m
[0mDELETE /api/entities/618029099332da200c05e89f/digitalIdentity/t1234@rabiran.com [32m200[0m 72.288 ms - 2[0m
[0mGET /api/entities/618029099332da200c05e89f?expanded=true [32m200[0m 11.798 ms - 351[0m
[0mPOST /api/digitalIdentities [32m200[0m 95.482 ms - 2[0m
[0mPOST /api/entities [32m200[0m 105.531 ms - 33[0m
[0mPOST /api/entities [32m200[0m 39.503 ms - 33[0m
[0mPOST /api/entities [32m200[0m 37.718 ms - 33[0m
[0mPOST /api/entities [32m200[0m 44.434 ms - 33[0m
[0mPOST /api/digitalIdentities [32m200[0m 42.648 ms - 2[0m
[0mPUT /api/entities/618029759332da200c05e8d6/digitalIdentity/t1234@rabiran.com [32m200[0m 69.530 ms - 2[0m
[0mGET /api/entities/618029759332da200c05e8d6?expanded=true [32m200[0m 9.369 ms - 637[0m
[0mPOST /api/groups [32m200[0m 73.924 ms - 33[0m
[0mPOST /api/groups [32m200[0m 39.754 ms - 33[0m
[0mGET /api/groups/618029779332da200c05e8e9?expanded=true [33m404[0m 15.257 ms - 36[0m
[0mGET /api/entities/digitalIdentity/t1234@rabiran.com?expanded=true [32m200[0m 9.703 ms - 637[0m
[0mDELETE /api/entities/618029759332da200c05e8d6/digitalIdentity/t1234@rabiran.com [32m200[0m 68.399 ms - 2[0m
[0mGET /api/entities/618029759332da200c05e8d6?expanded=true [32m200[0m 7.730 ms - 351[0m
[0mPOST /api/digitalIdentities [32m200[0m 93.127 ms - 2[0m
[0mPOST /api/groups [32m200[0m 103.481 ms - 33[0m
[0mPOST /api/entities [32m200[0m 131.936 ms - 33[0m
[0mPOST /api/groups [32m200[0m 60.105 ms - 33[0m
[0mGET /api/groups/618029ad9332da200c05e905?expanded=true [33m404[0m 14.774 ms - 36[0m
[0mPOST /api/entities [32m200[0m 50.344 ms - 33[0m
[0mPOST /api/entities [32m200[0m 48.318 ms - 33[0m
[0mPOST /api/entities [32m200[0m 40.809 ms - 33[0m
[0mPOST /api/digitalIdentities [32m200[0m 35.915 ms - 2[0m
[0mPUT /api/entities/618029ad9332da200c05e918/digitalIdentity/t1234@rabiran.com [32m200[0m 349.500 ms - 2[0m
[0mGET /api/entities/618029ad9332da200c05e918?expanded=true [32m200[0m 13.106 ms - 637[0m
[0mGET /api/entities/digitalIdentity/t1234@rabiran.com?expanded=true [32m200[0m 12.188 ms - 637[0m
[0mDELETE /api/entities/618029ad9332da200c05e918/digitalIdentity/t1234@rabiran.com [32m200[0m 82.812 ms - 2[0m
[0mGET /api/entities/618029ad9332da200c05e918?expanded=true [32m200[0m 11.549 ms - 351[0m
[0mPOST /api/digitalIdentities [32m200[0m 98.003 ms - 2[0m
[0mPOST /api/groups [32m200[0m 93.857 ms - 33[0m
[0mPOST /api/entities [32m200[0m 119.913 ms - 33[0m
[0mPOST /api/entities [32m200[0m 36.128 ms - 33[0m
[0mPOST /api/entities [32m200[0m 37.414 ms - 33[0m
[0mPOST /api/entities [32m200[0m 47.335 ms - 33[0m
[0mPOST /api/digitalIdentities [32m200[0m 42.318 ms - 2[0m
[0mPUT /api/entities/61802ccf9332da200c05e948/digitalIdentity/t1234@rabiran.com [32m200[0m 76.913 ms - 2[0m
[0mGET /api/entities/61802ccf9332da200c05e948?expanded=true [32m200[0m 14.905 ms - 637[0m
[0mGET /api/entities/digitalIdentity/t1234@rabiran.com?expanded=true [32m200[0m 11.457 ms - 637[0m
[0mDELETE /api/entities/61802ccf9332da200c05e948/digitalIdentity/t1234@rabiran.com [32m200[0m 70.000 ms - 2[0m
[0mGET /api/entities/61802ccf9332da200c05e948?expanded=true [32m200[0m 11.882 ms - 351[0m
[0mPOST /api/groups [32m200[0m 49.636 ms - 33[0m
[0mGET /api/groups/61802cd99332da200c05e95e?expanded=true [32m200[0m 23.205 ms - 315[0m
[0mPOST /api/groups [32m200[0m 53.797 ms - 33[0m
[0mPOST /api/digitalIdentities [32m200[0m 107.923 ms - 2[0m
[0mPOST /api/groups [32m200[0m 105.609 ms - 33[0m
[0mPOST /api/entities [32m200[0m 108.788 ms - 33[0m
[0mPOST /api/entities [32m200[0m 38.148 ms - 33[0m
[0mPOST /api/entities [32m200[0m 77.121 ms - 33[0m
[0mPOST /api/entities [32m200[0m 41.832 ms - 33[0m
[0mPOST /api/digitalIdentities [32m200[0m 60.923 ms - 2[0m
[0mPUT /api/entities/61802d2b9332da200c05e986/digitalIdentity/t1234@rabiran.com [32m200[0m 82.218 ms - 2[0m
[0mGET /api/entities/61802d2b9332da200c05e986?expanded=true [32m200[0m 13.777 ms - 637[0m
[0mPOST /api/groups [32m200[0m 53.723 ms - 33[0m
[0mGET /api/groups/61802d2e9332da200c05e995?expanded=true [33m404[0m 17.359 ms - 36[0m
[0mGET /api/entities/digitalIdentity/t1234@rabiran.com?expanded=true [32m200[0m 11.730 ms - 637[0m
[0mDELETE /api/entities/61802d2b9332da200c05e986/digitalIdentity/t1234@rabiran.com [32m200[0m 65.183 ms - 2[0m
[0mGET /api/entities/61802d2b9332da200c05e986?expanded=true [32m200[0m 10.197 ms - 351[0m
[0mPOST /api/groups [32m200[0m 87.242 ms - 33[0m
[0mPOST /api/digitalIdentities [32m200[0m 123.576 ms - 2[0m
[0mPOST /api/groups [32m200[0m 88.533 ms - 33[0m
[0mGET /api/groups/61802d6f9332da200c05e9a9?expanded=true [33m404[0m 18.530 ms - 36[0m
[0mPOST /api/entities [32m200[0m 85.808 ms - 33[0m
[0mPOST /api/entities [32m200[0m 36.847 ms - 33[0m
[0mPOST /api/entities [32m200[0m 35.602 ms - 33[0m
[0mPOST /api/entities [32m200[0m 40.822 ms - 33[0m
[0mPOST /api/digitalIdentities [32m200[0m 36.965 ms - 2[0m
[0mPUT /api/entities/61802d779332da200c05e9c4/digitalIdentity/t1234@rabiran.com [32m200[0m 72.673 ms - 2[0m
[0mGET /api/entities/61802d779332da200c05e9c4?expanded=true [32m200[0m 10.995 ms - 637[0m
[0mGET /api/entities/digitalIdentity/t1234@rabiran.com?expanded=true [32m200[0m 8.918 ms - 637[0m
[0mDELETE /api/entities/61802d779332da200c05e9c4/digitalIdentity/t1234@rabiran.com [32m200[0m 67.486 ms - 2[0m
[0mGET /api/entities/61802d779332da200c05e9c4?expanded=true [32m200[0m 10.008 ms - 351[0m
[0mPOST /api/groups [32m200[0m 78.642 ms - 33[0m
[0mPOST /api/groups [32m200[0m 56.025 ms - 33[0m
[0mPOST /api/entities [32m200[0m 117.229 ms - 33[0m
[0mGET /api/groups/61802def9332da200c05e9df?expanded=true [33m404[0m 19.995 ms - 36[0m
[0mPOST /api/entities [32m200[0m 61.836 ms - 33[0m
[0mPOST /api/digitalIdentities [32m200[0m 123.450 ms - 2[0m
[0mPOST /api/entities [32m200[0m 45.533 ms - 33[0m
[0mPOST /api/entities [32m200[0m 57.948 ms - 33[0m
[0mPOST /api/digitalIdentities [32m200[0m 57.472 ms - 2[0m
[0mPUT /api/entities/61802def9332da200c05e9fb/digitalIdentity/t1234@rabiran.com [32m200[0m 60.192 ms - 2[0m
[0mGET /api/entities/61802def9332da200c05e9fb?expanded=true [32m200[0m 10.204 ms - 637[0m
[0mGET /api/entities/digitalIdentity/t1234@rabiran.com?expanded=true [32m200[0m 9.116 ms - 637[0m
[0mDELETE /api/entities/61802def9332da200c05e9fb/digitalIdentity/t1234@rabiran.com [32m200[0m 64.716 ms - 2[0m
[0mGET /api/entities/61802def9332da200c05e9fb?expanded=true [32m200[0m 8.798 ms - 351[0m
[0mPOST /api/entities [33m400[0m 74.912 ms - 85[0m
[0mPOST /api/entities [33m400[0m 27.389 ms - 85[0m
[0mPOST /api/entities [33m400[0m 35.787 ms - 92[0m
[0mPOST /api/entities [33m400[0m 24.171 ms - 85[0m
[0mPOST /api/digitalIdentities [33m400[0m 78.582 ms - 76[0m
[0mPOST /api/groups [32m200[0m 74.089 ms - 33[0m
[0mPOST /api/groups [32m200[0m 89.708 ms - 33[0m
[0mPOST /api/entities [32m200[0m 139.208 ms - 33[0m
[0mPOST /api/digitalIdentities [32m200[0m 154.589 ms - 2[0m
[0mPOST /api/entities [32m200[0m 51.839 ms - 33[0m
[0mPOST /api/entities [32m200[0m 50.298 ms - 33[0m
[0mPOST /api/entities [32m200[0m 37.660 ms - 33[0m
[0mPOST /api/digitalIdentities [32m200[0m 43.247 ms - 2[0m
[0mPUT /api/entities/61802e5d9332da200c05ea34/digitalIdentity/t1234@rabiran.com [32m200[0m 70.691 ms - 2[0m
[0mPOST /api/groups [32m200[0m 46.935 ms - 33[0m
[0mGET /api/entities/61802e5d9332da200c05ea34?expanded=true [32m200[0m 10.378 ms - 637[0m
[0mGET /api/groups/61802e5f9332da200c05ea43?expanded=true [32m200[0m 10.336 ms - 315[0m
[0mGET /api/entities/digitalIdentity/t1234@rabiran.com?expanded=true [32m200[0m 7.607 ms - 637[0m
[0mPOST /api/groups [32m200[0m 40.465 ms - 33[0m
[0mDELETE /api/entities/61802e5d9332da200c05ea34/digitalIdentity/t1234@rabiran.com [32m200[0m 69.220 ms - 2[0m
[0mGET /api/entities/61802e5d9332da200c05ea34?expanded=true [32m200[0m 8.810 ms - 351[0m
[0mPOST /api/entities [32m200[0m 86.940 ms - 33[0m
[0mPOST /api/entities [32m200[0m 40.070 ms - 33[0m
[0mPOST /api/entities [32m200[0m 42.018 ms - 33[0m
[0mPOST /api/entities [32m200[0m 49.206 ms - 33[0m
[0mPOST /api/digitalIdentities [32m200[0m 46.544 ms - 2[0m
[0mPOST /api/digitalIdentities [32m200[0m 133.424 ms - 2[0m
[0mPUT /api/entities/61802eb49332da200c05ea6a/digitalIdentity/t1234@rabiran.com [32m200[0m 104.381 ms - 2[0m
[0mGET /api/entities/61802eb49332da200c05ea6a?expanded=true [32m200[0m 11.989 ms - 637[0m
[0mPOST /api/groups [32m200[0m 71.651 ms - 33[0m
[0mGET /api/entities/digitalIdentity/t1234@rabiran.com?expanded=true [32m200[0m 12.331 ms - 637[0m
[0mPOST /api/groups [32m200[0m 47.320 ms - 33[0m
[0mDELETE /api/entities/61802eb49332da200c05ea6a/digitalIdentity/t1234@rabiran.com [32m200[0m 72.881 ms - 2[0m
[0mGET /api/groups/61802eb99332da200c05ea81?expanded=true [32m200[0m 13.938 ms - 315[0m
[0mGET /api/entities/61802eb49332da200c05ea6a?expanded=true [32m200[0m 12.383 ms - 351[0m
[0mPOST /api/groups [32m200[0m 44.396 ms - 33[0m
[0mGET /api/groups/61802ebd9332da200c05ea8f?expanded=true [32m200[0m 13.602 ms - 354[0m
[0mPOST /api/entities [32m200[0m 95.798 ms - 33[0m
[0mPOST /api/entities [32m200[0m 38.158 ms - 33[0m
[0mPOST /api/entities [32m200[0m 41.382 ms - 33[0m
[0mPOST /api/entities [32m200[0m 55.232 ms - 33[0m
[0mPOST /api/digitalIdentities [32m200[0m 44.236 ms - 2[0m
[0mPUT /api/entities/61802f1a9332da200c05eaa8/digitalIdentity/t1234@rabiran.com [32m200[0m 78.169 ms - 2[0m
[0mPOST /api/digitalIdentities [32m200[0m 113.024 ms - 2[0m
[0mGET /api/entities/61802f1a9332da200c05eaa8?expanded=true [32m200[0m 9.856 ms - 637[0m
[0mPOST /api/groups [32m200[0m 69.651 ms - 33[0m
[0mGET /api/entities/digitalIdentity/t1234@rabiran.com?expanded=true [32m200[0m 10.005 ms - 637[0m
[0mPOST /api/groups [32m200[0m 46.715 ms - 33[0m
[0mDELETE /api/entities/61802f1a9332da200c05eaa8/digitalIdentity/t1234@rabiran.com [32m200[0m 68.513 ms - 2[0m
[0mGET /api/groups/61802f1f9332da200c05eabf?expanded=true [32m200[0m 9.714 ms - 315[0m
[0mGET /api/entities/61802f1a9332da200c05eaa8?expanded=true [32m200[0m 8.587 ms - 351[0m
[0mPOST /api/groups [32m200[0m 47.646 ms - 33[0m
[0mGET /api/groups/61802f239332da200c05eacd?expanded=true [32m200[0m 9.704 ms - 354[0m
[0mPOST /api/digitalIdentities [32m200[0m 99.872 ms - 2[0m
[0mPOST /api/entities [32m200[0m 100.205 ms - 33[0m
[0mPOST /api/entities [32m200[0m 45.750 ms - 33[0m
[0mPOST /api/entities [32m200[0m 46.744 ms - 33[0m
[0mPOST /api/entities [32m200[0m 52.446 ms - 33[0m
[0mPOST /api/digitalIdentities [32m200[0m 42.898 ms - 2[0m
[0mPUT /api/entities/61802f4f9332da200c05eaea/digitalIdentity/t1234@rabiran.com [32m200[0m 77.845 ms - 2[0m
[0mGET /api/entities/61802f4f9332da200c05eaea?expanded=true [32m200[0m 10.675 ms - 637[0m
[0mPOST /api/groups [32m200[0m 71.584 ms - 33[0m
[0mGET /api/entities/digitalIdentity/t1234@rabiran.com?expanded=true [32m200[0m 9.823 ms - 637[0m
[0mPOST /api/groups [32m200[0m 43.043 ms - 33[0m
[0mDELETE /api/entities/61802f4f9332da200c05eaea/digitalIdentity/t1234@rabiran.com [32m200[0m 76.663 ms - 2[0m
[0mGET /api/groups/61802f549332da200c05eafd?expanded=true [32m200[0m 12.272 ms - 315[0m
[0mGET /api/entities/61802f4f9332da200c05eaea?expanded=true [32m200[0m 7.749 ms - 351[0m
[0mPOST /api/groups [32m200[0m 38.518 ms - 33[0m
[0mGET /api/groups/61802f589332da200c05eb0b?expanded=true [32m200[0m 9.577 ms - 354[0m
[0mPOST /api/digitalIdentities [32m200[0m 260.363 ms - 2[0m
[0mPOST /api/entities [32m200[0m 264.940 ms - 33[0m
[0mPOST /api/entities [32m200[0m 55.571 ms - 33[0m
[0mPOST /api/entities [32m200[0m 47.534 ms - 33[0m
[0mPOST /api/entities [32m200[0m 48.194 ms - 33[0m
[0mPOST /api/digitalIdentities [32m200[0m 41.212 ms - 2[0m
[0mPUT /api/entities/6180fd909332da200c05eb28/digitalIdentity/t1234@rabiran.com [32m200[0m 92.371 ms - 2[0m
[0mPOST /api/groups [32m200[0m 86.200 ms - 33[0m
[0mGET /api/entities/6180fd909332da200c05eb28?expanded=true [32m200[0m 73.429 ms - 637[0m
[0mPOST /api/groups [32m200[0m 48.518 ms - 33[0m
[0mGET /api/entities/digitalIdentity/t1234@rabiran.com?expanded=true [32m200[0m 12.411 ms - 637[0m
[0mGET /api/groups/6180fd949332da200c05eb3b?expanded=true [32m200[0m 21.001 ms - 315[0m
[0mDELETE /api/entities/6180fd909332da200c05eb28/digitalIdentity/t1234@rabiran.com [32m200[0m 84.914 ms - 2[0m
[0mPOST /api/groups [32m200[0m 52.602 ms - 33[0m
[0mGET /api/entities/6180fd909332da200c05eb28?expanded=true [32m200[0m 11.147 ms - 351[0m
[0mGET /api/groups/6180fd989332da200c05eb49?expanded=true [32m200[0m 15.410 ms - 354[0m
[0mPOST /api/roles [33m400[0m 42.623 ms - 54[0m
[0mPOST /api/digitalIdentities [32m200[0m 113.818 ms - 2[0m
[0mPOST /api/entities [32m200[0m 121.530 ms - 33[0m
[0mPOST /api/entities [32m200[0m 49.189 ms - 33[0m
[0mPOST /api/entities [32m200[0m 44.226 ms - 33[0m
[0mPOST /api/entities [32m200[0m 54.800 ms - 33[0m
[0mPOST /api/digitalIdentities [32m200[0m 40.681 ms - 2[0m
[0mPUT /api/entities/6180fdeb9332da200c05eb66/digitalIdentity/t1234@rabiran.com [32m200[0m 92.825 ms - 2[0m
[0mGET /api/entities/6180fdeb9332da200c05eb66?expanded=true [32m200[0m 12.178 ms - 637[0m
[0mPOST /api/groups [32m200[0m 75.096 ms - 33[0m
[0mGET /api/entities/digitalIdentity/t1234@rabiran.com?expanded=true [32m200[0m 12.146 ms - 637[0m
[0mPOST /api/groups [32m200[0m 44.805 ms - 33[0m
[0mDELETE /api/entities/6180fdeb9332da200c05eb66/digitalIdentity/t1234@rabiran.com [32m200[0m 71.060 ms - 2[0m
[0mGET /api/groups/6180fdf09332da200c05eb79?expanded=true [32m200[0m 12.363 ms - 315[0m
[0mGET /api/entities/6180fdeb9332da200c05eb66?expanded=true [32m200[0m 13.418 ms - 351[0m
[0mPOST /api/groups [32m200[0m 45.872 ms - 33[0m
[0mGET /api/groups/6180fdf49332da200c05eb87?expanded=true [32m200[0m 11.037 ms - 354[0m
[0mPOST /api/roles [32m200[0m 62.891 ms - 2[0m
[0mPOST /api/digitalIdentities [32m200[0m 95.516 ms - 2[0m
[0mPOST /api/entities [32m200[0m 112.150 ms - 33[0m
[0mPOST /api/entities [32m200[0m 42.924 ms - 33[0m
[0mPOST /api/entities [32m200[0m 44.435 ms - 33[0m
[0mPOST /api/entities [32m200[0m 47.906 ms - 33[0m
[0mPOST /api/digitalIdentities [32m200[0m 45.156 ms - 2[0m
[0mPUT /api/entities/6180fef29332da200c05eba9/digitalIdentity/t1234@rabiran.com [32m200[0m 95.766 ms - 2[0m
[0mGET /api/entities/6180fef29332da200c05eba9?expanded=true [32m200[0m 12.869 ms - 637[0m
[0mPOST /api/groups [32m200[0m 82.750 ms - 33[0m
[0mGET /api/entities/digitalIdentity/t1234@rabiran.com?expanded=true [32m200[0m 12.071 ms - 637[0m
[0mPOST /api/groups [32m200[0m 40.502 ms - 33[0m
[0mDELETE /api/entities/6180fef29332da200c05eba9/digitalIdentity/t1234@rabiran.com [32m200[0m 72.473 ms - 2[0m
[0mGET /api/groups/6180fef79332da200c05ebbc?expanded=true [32m200[0m 14.806 ms - 315[0m
[0mGET /api/entities/6180fef29332da200c05eba9?expanded=true [32m200[0m 9.847 ms - 351[0m
[0mPOST /api/groups [32m200[0m 42.093 ms - 33[0m
[0mGET /api/groups/6180fefb9332da200c05ebca?expanded=true [32m200[0m 11.116 ms - 354[0m
[0mPOST /api/roles [33m400[0m 27.721 ms - 63[0m
[0mPOST /api/digitalIdentities [32m200[0m 100.606 ms - 2[0m
[0mPOST /api/groups [32m200[0m 97.107 ms - 33[0m
[0mPOST /api/entities [32m200[0m 96.537 ms - 33[0m
[0mPOST /api/entities [32m200[0m 40.509 ms - 33[0m
[0mPOST /api/entities [32m200[0m 37.288 ms - 33[0m
[0mPOST /api/entities [32m200[0m 42.129 ms - 33[0m
[0mPOST /api/digitalIdentities [32m200[0m 37.957 ms - 2[0m
[0mPUT /api/entities/6180ff369332da200c05ebec/digitalIdentity/t1234@rabiran.com [32m200[0m 69.887 ms - 2[0m
[0mPOST /api/groups [32m200[0m 47.301 ms - 33[0m
[0mGET /api/entities/6180ff369332da200c05ebec?expanded=true [32m200[0m 13.275 ms - 637[0m
[0mGET /api/groups/6180ff389332da200c05ebfb?expanded=true [32m200[0m 13.837 ms - 315[0m
[0mGET /api/entities/digitalIdentity/t1234@rabiran.com?expanded=true [32m200[0m 13.894 ms - 637[0m
[0mPOST /api/groups [32m200[0m 51.610 ms - 33[0m
[0mDELETE /api/entities/6180ff369332da200c05ebec/digitalIdentity/t1234@rabiran.com [32m200[0m 67.747 ms - 2[0m
[0mGET /api/groups/6180ff3c9332da200c05ec02?expanded=true [32m200[0m 11.370 ms - 354[0m
[0mGET /api/entities/6180ff369332da200c05ebec?expanded=true [32m200[0m 12.618 ms - 351[0m
[0mPOST /api/roles [33m400[0m 131.880 ms - 63[0m
[0mPOST /api/digitalIdentities [32m200[0m 91.612 ms - 2[0m
[0mPOST /api/entities [32m200[0m 110.526 ms - 33[0m
[0mPOST /api/groups [32m200[0m 107.288 ms - 33[0m
[0mPOST /api/entities [32m200[0m 59.270 ms - 33[0m
[0mPOST /api/entities [32m200[0m 37.737 ms - 33[0m
[0mPOST /api/entities [32m200[0m 40.545 ms - 33[0m
[0mPOST /api/digitalIdentities [32m200[0m 55.916 ms - 2[0m
[0mPUT /api/entities/6180ff7b9332da200c05ec2b/digitalIdentity/t1234@rabiran.com [32m200[0m 85.405 ms - 2[0m
[0mPOST /api/groups [32m200[0m 63.990 ms - 33[0m
[0mGET /api/entities/6180ff7b9332da200c05ec2b?expanded=true [32m200[0m 13.283 ms - 637[0m
[0mGET /api/groups/6180ff7d9332da200c05ec3a?expanded=true [32m200[0m 11.776 ms - 315[0m
[0mGET /api/entities/digitalIdentity/t1234@rabiran.com?expanded=true [32m200[0m 11.334 ms - 637[0m
[0mPOST /api/groups [32m200[0m 64.405 ms - 33[0m
[0mDELETE /api/entities/6180ff7b9332da200c05ec2b/digitalIdentity/t1234@rabiran.com [32m200[0m 69.989 ms - 2[0m
[0mGET /api/groups/6180ff819332da200c05ec41?expanded=true [32m200[0m 11.661 ms - 354[0m
[0mGET /api/entities/6180ff7b9332da200c05ec2b?expanded=true [32m200[0m 10.792 ms - 351[0m
[0mPOST /api/roles [32m200[0m 50.098 ms - 2[0m
[0mGET /api/roles/t13@rabiran.com [32m200[0m 21.895 ms - 403[0m
[0mPOST /api/digitalIdentities [32m200[0m 95.063 ms - 2[0m
[0mPOST /api/entities [32m200[0m 114.345 ms - 33[0m
[0mPOST /api/entities [32m200[0m 41.755 ms - 33[0m
[0mPOST /api/entities [32m200[0m 42.719 ms - 33[0m
[0mPOST /api/entities [32m200[0m 53.067 ms - 33[0m
[0mPOST /api/digitalIdentities [32m200[0m 40.762 ms - 2[0m
[0mPUT /api/entities/618100369332da200c05ec6a/digitalIdentity/t1234@rabiran.com [32m200[0m 92.370 ms - 2[0m
[0mGET /api/entities/618100369332da200c05ec6a?expanded=true [32m200[0m 13.798 ms - 637[0m
[0mPOST /api/groups [32m200[0m 70.395 ms - 33[0m
[0mGET /api/entities/digitalIdentity/t1234@rabiran.com?expanded=true [32m200[0m 11.948 ms - 637[0m
[0mPOST /api/groups [32m200[0m 47.589 ms - 33[0m
[0mDELETE /api/entities/618100369332da200c05ec6a/digitalIdentity/t1234@rabiran.com [32m200[0m 77.887 ms - 2[0m
[0mGET /api/groups/6181003a9332da200c05ec7d?expanded=true [32m200[0m 12.750 ms - 315[0m
[0mGET /api/entities/618100369332da200c05ec6a?expanded=true [32m200[0m 11.153 ms - 351[0m
[0mPOST /api/groups [32m200[0m 45.489 ms - 33[0m
[0mGET /api/groups/6181003f9332da200c05ec8b?expanded=true [32m200[0m 14.607 ms - 354[0m
[0mPOST /api/roles [32m200[0m 41.037 ms - 2[0m
[0mGET /api/roles/t13@rabiran.com [32m200[0m 10.711 ms - 403[0m
[0mGET /api/groups/6181003f9332da200c05ec8b?expanded=true [32m200[0m 11.334 ms - 354[0m
[0mPOST /api/entities [32m200[0m 105.766 ms - 33[0m
[0mPOST /api/entities [32m200[0m 50.982 ms - 33[0m
[0mPOST /api/digitalIdentities [32m200[0m 127.354 ms - 2[0m
[0mPOST /api/entities [32m200[0m 47.264 ms - 33[0m
[0mPOST /api/entities [32m200[0m 55.883 ms - 33[0m
[0mPOST /api/digitalIdentities [32m200[0m 41.892 ms - 2[0m
[0mPUT /api/entities/6181025d9332da200c05ecad/digitalIdentity/t1234@rabiran.com [32m200[0m 77.075 ms - 2[0m
[0mGET /api/entities/6181025d9332da200c05ecad?expanded=true [32m200[0m 12.845 ms - 637[0m
[0mPOST /api/groups [32m200[0m 92.713 ms - 33[0m
[0mGET /api/entities/digitalIdentity/t1234@rabiran.com?expanded=true [32m200[0m 11.772 ms - 637[0m
[0mPOST /api/groups [32m200[0m 46.498 ms - 33[0m
[0mDELETE /api/entities/6181025d9332da200c05ecad/digitalIdentity/t1234@rabiran.com [32m200[0m 70.727 ms - 2[0m
[0mGET /api/groups/618102619332da200c05ecc0?expanded=true [32m200[0m 12.626 ms - 315[0m
[0mGET /api/entities/6181025d9332da200c05ecad?expanded=true [32m200[0m 12.703 ms - 351[0m
[0mPOST /api/groups [32m200[0m 46.939 ms - 33[0m
[0mGET /api/groups/618102659332da200c05ecce?expanded=true [32m200[0m 13.676 ms - 354[0m
[0mPOST /api/roles [32m200[0m 42.950 ms - 2[0m
[0mGET /api/roles/t123@rabiran.com [33m404[0m 19.601 ms - 36[0m
[0mPOST /api/entities [32m200[0m 110.092 ms - 33[0m
[0mPOST /api/entities [32m200[0m 58.299 ms - 33[0m
[0mPOST /api/digitalIdentities [32m200[0m 132.943 ms - 2[0m
[0mPOST /api/entities [32m200[0m 58.442 ms - 33[0m
[0mPOST /api/entities [32m200[0m 52.799 ms - 33[0m
[0mPOST /api/digitalIdentities [32m200[0m 42.986 ms - 2[0m
[0mPUT /api/entities/618102a09332da200c05ecf0/digitalIdentity/t1234@rabiran.com [32m200[0m 79.228 ms - 2[0m
[0mGET /api/entities/618102a09332da200c05ecf0?expanded=true [32m200[0m 12.997 ms - 637[0m
[0mPOST /api/groups [32m200[0m 76.490 ms - 33[0m
[0mGET /api/entities/digitalIdentity/t1234@rabiran.com?expanded=true [32m200[0m 11.608 ms - 637[0m
[0mPOST /api/groups [32m200[0m 41.567 ms - 33[0m
[0mDELETE /api/entities/618102a09332da200c05ecf0/digitalIdentity/t1234@rabiran.com [32m200[0m 68.617 ms - 2[0m
[0mGET /api/groups/618102a59332da200c05ed03?expanded=true [32m200[0m 12.508 ms - 315[0m
[0mGET /api/entities/618102a09332da200c05ecf0?expanded=true [32m200[0m 10.861 ms - 351[0m
[0mPOST /api/groups [32m200[0m 49.577 ms - 33[0m
[0mGET /api/groups/618102a99332da200c05ed11?expanded=true [32m200[0m 12.225 ms - 354[0m
[0mPOST /api/roles [32m200[0m 336.336 ms - 2[0m
[0mGET /api/roles/t123@rabiran.com [32m200[0m 10.854 ms - 404[0m
[0mPUT /api/t123@rabiran.com/digitalIdentity/t123@rabiran.com [33m404[0m 1.766 ms - 13[0m
[0mPOST /api/entities [32m200[0m 113.414 ms - 33[0m
[0mPOST /api/digitalIdentities [32m200[0m 108.195 ms - 2[0m
[0mPOST /api/entities [32m200[0m 44.223 ms - 33[0m
[0mPOST /api/entities [32m200[0m 48.522 ms - 33[0m
[0mPOST /api/entities [32m200[0m 50.237 ms - 33[0m
[0mPOST /api/digitalIdentities [32m200[0m 46.038 ms - 2[0m
[0mPUT /api/entities/6181032b9332da200c05ed33/digitalIdentity/t1234@rabiran.com [32m200[0m 85.263 ms - 2[0m
[0mGET /api/entities/6181032b9332da200c05ed33?expanded=true [32m200[0m 14.365 ms - 637[0m
[0mPOST /api/groups [32m200[0m 72.048 ms - 33[0m
[0mGET /api/entities/digitalIdentity/t1234@rabiran.com?expanded=true [32m200[0m 12.455 ms - 637[0m
[0mPOST /api/groups [32m200[0m 37.572 ms - 33[0m
[0mDELETE /api/entities/6181032b9332da200c05ed33/digitalIdentity/t1234@rabiran.com [32m200[0m 77.337 ms - 2[0m
[0mGET /api/groups/6181032f9332da200c05ed46?expanded=true [32m200[0m 11.779 ms - 315[0m
[0mGET /api/entities/6181032b9332da200c05ed33?expanded=true [32m200[0m 12.222 ms - 351[0m
[0mPOST /api/groups [32m200[0m 46.380 ms - 33[0m
[0mGET /api/groups/618103339332da200c05ed54?expanded=true [32m200[0m 14.449 ms - 354[0m
[0mPOST /api/roles [32m200[0m 42.475 ms - 2[0m
[0mGET /api/roles/t123@rabiran.com [32m200[0m 10.467 ms - 404[0m
[0mPUT /api/t123@rabiran.com/digitalIdentity/t123@rabiran.com [33m404[0m 2.050 ms - 13[0m
[0mPOST /api/digitalIdentities [32m200[0m 133.665 ms - 2[0m
[0mPOST /api/entities [32m200[0m 120.151 ms - 33[0m
[0mPOST /api/entities [32m200[0m 37.824 ms - 33[0m
[0mPOST /api/entities [32m200[0m 43.873 ms - 33[0m
[0mPOST /api/entities [32m200[0m 46.192 ms - 33[0m
[0mPOST /api/digitalIdentities [32m200[0m 44.122 ms - 2[0m
[0mPUT /api/entities/6181036f9332da200c05ed76/digitalIdentity/t1234@rabiran.com [32m200[0m 70.208 ms - 2[0m
[0mGET /api/entities/6181036f9332da200c05ed76?expanded=true [32m200[0m 11.651 ms - 637[0m
[0mPOST /api/groups [32m200[0m 84.649 ms - 33[0m
[0mPOST /api/groups [32m200[0m 43.880 ms - 33[0m
[0mGET /api/entities/digitalIdentity/t1234@rabiran.com?expanded=true [32m200[0m 11.880 ms - 637[0m
[0mGET /api/groups/618103729332da200c05ed89?expanded=true [32m200[0m 12.176 ms - 315[0m
[0mPOST /api/groups [32m200[0m 39.449 ms - 33[0m
[0mDELETE /api/entities/6181036f9332da200c05ed76/digitalIdentity/t1234@rabiran.com [32m200[0m 66.871 ms - 2[0m
[0mGET /api/groups/618103749332da200c05ed90?expanded=true [32m200[0m 12.130 ms - 354[0m
[0mPOST /api/roles [32m200[0m 43.066 ms - 2[0m
[0mGET /api/entities/6181036f9332da200c05ed76?expanded=true [32m200[0m 10.889 ms - 351[0m
[0mGET /api/roles/t123@rabiran.com [32m200[0m 12.918 ms - 404[0m
[0mPUT /api/roles/t123@rabiran.com/digitalIdentity/t123@rabiran.com [32m200[0m 47.986 ms - 2[0m
[0mPOST /api/digitalIdentities [32m200[0m 94.436 ms - 2[0m
[0mPOST /api/entities [32m200[0m 104.417 ms - 33[0m
[0mPOST /api/entities [32m200[0m 38.406 ms - 33[0m
[0mPOST /api/groups [32m200[0m 97.741 ms - 33[0m
[0mPOST /api/entities [32m200[0m 48.806 ms - 33[0m
[0mPOST /api/entities [32m200[0m 48.384 ms - 33[0m
[0mPOST /api/digitalIdentities [32m200[0m 38.901 ms - 2[0m
[0mPUT /api/entities/618104209332da200c05edc1/digitalIdentity/t1234@rabiran.com [32m200[0m 76.174 ms - 2[0m
[0mPOST /api/groups [32m200[0m 49.812 ms - 33[0m
[0mGET /api/groups/618104219332da200c05edd0?expanded=true [32m200[0m 14.084 ms - 315[0m
[0mGET /api/entities/618104209332da200c05edc1?expanded=true [32m200[0m 12.847 ms - 637[0m
[0mPOST /api/groups [32m200[0m 43.164 ms - 33[0m
[0mGET /api/groups/618104239332da200c05edd7?expanded=true [32m200[0m 11.663 ms - 354[0m
[0mGET /api/entities/digitalIdentity/t1234@rabiran.com?expanded=true [32m200[0m 11.794 ms - 637[0m
[0mPOST /api/roles [32m200[0m 42.011 ms - 2[0m
[0mGET /api/roles/t123@rabiran.com [32m200[0m 11.892 ms - 404[0m
[0mDELETE /api/entities/618104209332da200c05edc1/digitalIdentity/t1234@rabiran.com [32m200[0m 68.523 ms - 2[0m
[0mGET /api/entities/618104209332da200c05edc1?expanded=true [32m200[0m 11.260 ms - 351[0m
[0mPUT /api/roles/t123@rabiran.com/digitalIdentity/t123@rabiran.com [32m200[0m 51.248 ms - 2[0m
[0mPOST /api/digitalIdentities [32m200[0m 89.463 ms - 2[0m
[0mPOST /api/entities [32m200[0m 107.972 ms - 33[0m
[0mPOST /api/entities [32m200[0m 43.080 ms - 33[0m
[0mPOST /api/entities [32m200[0m 45.620 ms - 33[0m
[0mPOST /api/entities [32m200[0m 60.725 ms - 33[0m
[0mPOST /api/digitalIdentities [32m200[0m 42.028 ms - 2[0m
[0mPUT /api/entities/618105579332da200c05ee04/digitalIdentity/t1234@rabiran.com [32m200[0m 111.874 ms - 2[0m
[0mGET /api/entities/618105579332da200c05ee04?expanded=true [32m200[0m 17.211 ms - 637[0m
[0mPOST /api/groups [32m200[0m 94.644 ms - 33[0m
[0mPOST /api/groups [32m200[0m 41.131 ms - 33[0m
[0mGET /api/entities/digitalIdentity/t1234@rabiran.com?expanded=true [32m200[0m 11.701 ms - 637[0m
[0mGET /api/groups/6181055b9332da200c05ee17?expanded=true [32m200[0m 12.073 ms - 315[0m
[0mPOST /api/groups [32m200[0m 43.410 ms - 33[0m
[0mDELETE /api/entities/618105579332da200c05ee04/digitalIdentity/t1234@rabiran.com [32m200[0m 72.268 ms - 2[0m
[0mGET /api/groups/6181055d9332da200c05ee1e?expanded=true [32m200[0m 12.611 ms - 354[0m
[0mPOST /api/roles [32m200[0m 45.366 ms - 2[0m
[0mGET /api/entities/618105579332da200c05ee04?expanded=true [32m200[0m 12.245 ms - 351[0m
[0mGET /api/roles/t123@rabiran.com [32m200[0m 10.529 ms - 404[0m
[0mPUT /api/roles/t123@rabiran.com/digitalIdentity/t123@rabiran.com [32m200[0m 45.401 ms - 2[0m
[0mGET /api/digitalIdentities//t123@rabiran.com [32m200[0m 20.479 ms - 205[0m
